mode: set
github.com/blocklessnetwork/b7s/store/key.go:7.54,11.35 2 1
github.com/blocklessnetwork/b7s/store/key.go:11.35,12.30 1 1
github.com/blocklessnetwork/b7s/store/key.go:14.15,16.27 2 1
github.com/blocklessnetwork/b7s/store/key.go:18.15,20.35 2 1
github.com/blocklessnetwork/b7s/store/key.go:22.11,23.56 1 0
github.com/blocklessnetwork/b7s/store/key.go:27.2,27.12 1 1
github.com/blocklessnetwork/b7s/store/remove.go:10.46,14.16 3 0
github.com/blocklessnetwork/b7s/store/remove.go:14.16,16.3 1 0
github.com/blocklessnetwork/b7s/store/remove.go:18.2,18.12 1 0
github.com/blocklessnetwork/b7s/store/remove.go:21.50,25.16 3 0
github.com/blocklessnetwork/b7s/store/remove.go:25.16,27.3 1 0
github.com/blocklessnetwork/b7s/store/remove.go:29.2,29.12 1 0
github.com/blocklessnetwork/b7s/store/remove.go:32.42,34.2 1 0
github.com/blocklessnetwork/b7s/store/retrieve.go:13.66,16.16 2 1
github.com/blocklessnetwork/b7s/store/retrieve.go:16.16,18.3 1 0
github.com/blocklessnetwork/b7s/store/retrieve.go:20.2,23.16 4 1
github.com/blocklessnetwork/b7s/store/retrieve.go:23.16,25.3 1 1
github.com/blocklessnetwork/b7s/store/retrieve.go:27.2,27.18 1 1
github.com/blocklessnetwork/b7s/store/retrieve.go:30.59,36.40 4 0
github.com/blocklessnetwork/b7s/store/retrieve.go:36.40,40.17 3 0
github.com/blocklessnetwork/b7s/store/retrieve.go:40.17,42.4 1 0
github.com/blocklessnetwork/b7s/store/retrieve.go:44.3,44.30 1 0
github.com/blocklessnetwork/b7s/store/retrieve.go:47.2,47.19 1 0
github.com/blocklessnetwork/b7s/store/retrieve.go:50.80,56.16 4 1
github.com/blocklessnetwork/b7s/store/retrieve.go:56.16,58.3 1 1
github.com/blocklessnetwork/b7s/store/retrieve.go:60.2,60.22 1 1
github.com/blocklessnetwork/b7s/store/retrieve.go:63.73,69.40 4 0
github.com/blocklessnetwork/b7s/store/retrieve.go:69.40,73.17 3 0
github.com/blocklessnetwork/b7s/store/retrieve.go:73.17,75.4 1 0
github.com/blocklessnetwork/b7s/store/retrieve.go:77.3,77.42 1 0
github.com/blocklessnetwork/b7s/store/retrieve.go:80.2,80.23 1 0
github.com/blocklessnetwork/b7s/store/retrieve.go:83.53,86.16 2 1
github.com/blocklessnetwork/b7s/store/retrieve.go:86.16,87.41 1 1
github.com/blocklessnetwork/b7s/store/retrieve.go:87.41,89.4 1 1
github.com/blocklessnetwork/b7s/store/retrieve.go:90.3,90.57 1 0
github.com/blocklessnetwork/b7s/store/retrieve.go:93.2,96.16 3 1
github.com/blocklessnetwork/b7s/store/retrieve.go:96.16,98.3 1 1
github.com/blocklessnetwork/b7s/store/retrieve.go:100.2,100.12 1 1
github.com/blocklessnetwork/b7s/store/retrieve.go:103.59,108.2 1 0
github.com/blocklessnetwork/b7s/store/retrieve.go:110.53,114.37 3 0
github.com/blocklessnetwork/b7s/store/retrieve.go:114.37,116.18 2 0
github.com/blocklessnetwork/b7s/store/retrieve.go:116.18,118.4 1 0
github.com/blocklessnetwork/b7s/store/retrieve.go:121.2,121.12 1 0
github.com/blocklessnetwork/b7s/store/save.go:11.53,14.16 2 1
github.com/blocklessnetwork/b7s/store/save.go:14.16,16.3 1 0
github.com/blocklessnetwork/b7s/store/save.go:18.2,20.16 3 1
github.com/blocklessnetwork/b7s/store/save.go:20.16,22.3 1 1
github.com/blocklessnetwork/b7s/store/save.go:24.2,24.12 1 1
github.com/blocklessnetwork/b7s/store/save.go:27.71,31.16 3 1
github.com/blocklessnetwork/b7s/store/save.go:31.16,33.3 1 1
github.com/blocklessnetwork/b7s/store/save.go:35.2,35.12 1 1
github.com/blocklessnetwork/b7s/store/save.go:38.51,41.16 2 1
github.com/blocklessnetwork/b7s/store/save.go:41.16,43.3 1 1
github.com/blocklessnetwork/b7s/store/save.go:45.2,46.16 2 1
github.com/blocklessnetwork/b7s/store/save.go:46.16,48.3 1 0
github.com/blocklessnetwork/b7s/store/save.go:50.2,50.12 1 1
github.com/blocklessnetwork/b7s/store/store.go:16.45,24.2 2 1
